[0.077s] DEBUG:colcon:Command line arguments: ['/usr/bin/colcon', 'list', '-p', '--base-paths', '/home/psi/emtp_ws/src', '--log-base', '/dev/null']
[0.077s] DEBUG:colcon:Parsed command line arguments: Namespace(log_base=None, log_level=None, verb_name='list', build_base='build', ignore_user_meta=False, metas=['./colcon.meta'], base_paths=['/home/psi/emtp_ws/src', '--log-base', '/dev/null'], packages_ignore=None, packages_ignore_regex=None, paths=None, packages_up_to=None, packages_up_to_regex=None, packages_above=None, packages_above_and_dependencies=None, packages_above_depth=None, packages_select_by_dep=None, packages_skip_by_dep=None, packages_skip_up_to=None, packages_select_build_failed=False, packages_skip_build_finished=False, packages_select_test_failures=False, packages_skip_test_passed=False, packages_select=None, packages_skip=None, packages_select_regex=None, packages_skip_regex=None, packages_start=None, packages_end=None, allow_overriding=[], topological_order=False, names_only=False, paths_only=True, topological_graph=False, topological_graph_dot=False, topological_graph_density=False, topological_graph_legend=False, topological_graph_dot_cluster=False, topological_graph_dot_include_skipped=False, mixin_files=None, mixin=None, verb_parser=<colcon_alias.argument_parser.alias.AliasArgumentDecorator object at 0x7c86ae396b60>, verb_extension=<colcon_package_information.verb.list.ListVerb object at 0x7c86ae394790>, main=<bound method ListVerb.main of <colcon_package_information.verb.list.ListVerb object at 0x7c86ae394790>>, mixin_verb=('list',))
[0.245s] Level 1:colcon.colcon_core.package_discovery:discover_packages(colcon_meta) check parameters
[0.245s] Level 1:colcon.colcon_core.package_discovery:discover_packages(recursive) check parameters
[0.245s] Level 1:colcon.colcon_core.package_discovery:discover_packages(ignore) check parameters
[0.245s] Level 1:colcon.colcon_core.package_discovery:discover_packages(path) check parameters
[0.245s] Level 1:colcon.colcon_core.package_discovery:discover_packages(recursive) discover
[0.245s] INFO:colcon.colcon_core.package_discovery:Crawling recursively for packages in '/home/psi/emtp_ws/src', '/home/psi/emtp_ws/src/--log-base', '/dev/null'
[0.246s] Level 1:colcon.colcon_core.package_identification:_identify(/home/psi/emtp_ws/src) by extensions ['ignore', 'ignore_ament_install']
[0.246s] Level 1:colcon.colcon_core.package_identification:_identify(/home/psi/emtp_ws/src) by extension 'ignore'
[0.246s] Level 1:colcon.colcon_core.package_identification:_identify(/home/psi/emtp_ws/src) by extension 'ignore_ament_install'
[0.246s] Level 1:colcon.colcon_core.package_identification:_identify(/home/psi/emtp_ws/src) by extensions ['colcon_pkg']
[0.246s] Level 1:colcon.colcon_core.package_identification:_identify(/home/psi/emtp_ws/src) by extension 'colcon_pkg'
[0.246s] Level 1:colcon.colcon_core.package_identification:_identify(/home/psi/emtp_ws/src) by extensions ['colcon_meta']
[0.246s] Level 1:colcon.colcon_core.package_identification:_identify(/home/psi/emtp_ws/src) by extension 'colcon_meta'
[0.246s] Level 1:colcon.colcon_core.package_identification:_identify(/home/psi/emtp_ws/src) by extensions ['ros']
[0.246s] Level 1:colcon.colcon_core.package_identification:_identify(/home/psi/emtp_ws/src) by extension 'ros'
[0.247s] Level 1:colcon.colcon_core.package_identification:_identify(/home/psi/emtp_ws/src) by extensions ['bazel', 'cmake', 'meson', 'python']
[0.247s] Level 1:colcon.colcon_core.package_identification:_identify(/home/psi/emtp_ws/src) by extension 'bazel'
[0.247s] Level 1:colcon.colcon_core.package_identification:_identify(/home/psi/emtp_ws/src) by extension 'cmake'
[0.247s] Level 1:colcon.colcon_core.package_identification:_identify(/home/psi/emtp_ws/src) by extension 'meson'
[0.247s] Level 1:colcon.colcon_core.package_identification:_identify(/home/psi/emtp_ws/src) by extension 'python'
[0.247s] Level 1:colcon.colcon_core.package_identification:_identify(/home/psi/emtp_ws/src) by extensions ['python_setup_py']
[0.247s] Level 1:colcon.colcon_core.package_identification:_identify(/home/psi/emtp_ws/src) by extension 'python_setup_py'
[0.247s] Level 1:colcon.colcon_core.package_identification:_identify(/home/psi/emtp_ws/src/emtp_robot) by extensions ['ignore', 'ignore_ament_install']
[0.247s] Level 1:colcon.colcon_core.package_identification:_identify(/home/psi/emtp_ws/src/emtp_robot) by extension 'ignore'
[0.247s] Level 1:colcon.colcon_core.package_identification:_identify(/home/psi/emtp_ws/src/emtp_robot) by extension 'ignore_ament_install'
[0.247s] Level 1:colcon.colcon_core.package_identification:_identify(/home/psi/emtp_ws/src/emtp_robot) by extensions ['colcon_pkg']
[0.247s] Level 1:colcon.colcon_core.package_identification:_identify(/home/psi/emtp_ws/src/emtp_robot) by extension 'colcon_pkg'
[0.248s] Level 1:colcon.colcon_core.package_identification:_identify(/home/psi/emtp_ws/src/emtp_robot) by extensions ['colcon_meta']
[0.248s] Level 1:colcon.colcon_core.package_identification:_identify(/home/psi/emtp_ws/src/emtp_robot) by extension 'colcon_meta'
[0.248s] Level 1:colcon.colcon_core.package_identification:_identify(/home/psi/emtp_ws/src/emtp_robot) by extensions ['ros']
[0.248s] Level 1:colcon.colcon_core.package_identification:_identify(/home/psi/emtp_ws/src/emtp_robot) by extension 'ros'
[0.249s] DEBUG:colcon.colcon_core.package_identification:Package '/home/psi/emtp_ws/src/emtp_robot' with type 'ros.ament_python' and name 'emtp_robot'
[0.249s] Level 1:colcon.colcon_core.package_identification:_identify(/home/psi/emtp_ws/src/emtp_server) by extensions ['ignore', 'ignore_ament_install']
[0.249s] Level 1:colcon.colcon_core.package_identification:_identify(/home/psi/emtp_ws/src/emtp_server) by extension 'ignore'
[0.249s] Level 1:colcon.colcon_core.package_identification:_identify(/home/psi/emtp_ws/src/emtp_server) by extension 'ignore_ament_install'
[0.249s] Level 1:colcon.colcon_core.package_identification:_identify(/home/psi/emtp_ws/src/emtp_server) by extensions ['colcon_pkg']
[0.249s] Level 1:colcon.colcon_core.package_identification:_identify(/home/psi/emtp_ws/src/emtp_server) by extension 'colcon_pkg'
[0.249s] Level 1:colcon.colcon_core.package_identification:_identify(/home/psi/emtp_ws/src/emtp_server) by extensions ['colcon_meta']
[0.249s] Level 1:colcon.colcon_core.package_identification:_identify(/home/psi/emtp_ws/src/emtp_server) by extension 'colcon_meta'
[0.249s] Level 1:colcon.colcon_core.package_identification:_identify(/home/psi/emtp_ws/src/emtp_server) by extensions ['ros']
[0.249s] Level 1:colcon.colcon_core.package_identification:_identify(/home/psi/emtp_ws/src/emtp_server) by extension 'ros'
[0.250s] DEBUG:colcon.colcon_core.package_identification:Package '/home/psi/emtp_ws/src/emtp_server' with type 'ros.ament_python' and name 'emtp_server'
[0.250s] Level 1:colcon.colcon_core.package_identification:_identify(/home/psi/emtp_ws/src/log) by extensions ['ignore', 'ignore_ament_install']
[0.250s] Level 1:colcon.colcon_core.package_identification:_identify(/home/psi/emtp_ws/src/log) by extension 'ignore'
[0.250s] Level 1:colcon.colcon_core.package_identification:_identify(/home/psi/emtp_ws/src/log) ignored
[0.250s] Level 1:colcon.colcon_core.package_discovery:discover_packages(recursive) using defaults
